###### [ 2018-04-22 01:48:14 ]###### 
###### [ 2018-04-22 02:03:00 ]###### 
13463863323----ZtXqwjPk1P
###### [ 2018-04-26 00:09:47 ]###### 
17183095463----SO9wdWjfMb
###### [ 2018-04-26 00:13:21 ]###### 
13483687327----FNvtomIZ81
###### [ 2018-04-26 00:17:25 ]###### 
###### [ 2018-04-26 00:20:08 ]###### 
###### [ 2018-04-26 00:22:02 ]###### 
13045704054----20lGsvcB9r
###### [ 2018-04-26 00:27:00 ]###### 
###### [ 2018-04-26 00:27:51 ]###### 
17151644642----9txBq0XivY
17162522745----1yW897GXgy
18814861007----SMrlmfHT69
17153717241----B6rCC1boBw
###### [ 2018-04-26 00:34:44 ]###### 
17137630604----L2ufRQxwyS
17070734943----qCLS8Ed8cN
###### [ 2018-04-26 23:58:12 ]###### 
17176317232----5DQIyBwtTQ
13269084661----Bjrs6zBnMZ
###### [ 2018-04-27 00:02:18 ]###### 
###### [ 2018-04-27 00:03:44 ]###### 
13463413892----4lKULfN4M2
13483168615----WpZkTrRC94
###### [ 2018-04-27 00:08:19 ]###### 
###### [ 2018-04-27 00:09:00 ]###### 
###### [ 2018-04-27 00:10:25 ]###### 
17055715007----Ph0aXDOl4Q
17055972975----73Z8ZQPimd
###### [ 2018-04-27 00:16:46 ]###### 
17093344065----6OS5FwZKcI
###### [ 2018-04-27 00:27:07 ]###### 
###### [ 2018-04-27 00:31:51 ]###### 
###### [ 2018-04-27 00:34:10 ]###### 
17138284225----pg9ZGDbNCB
17057594843----eyiweoBA6E
