2018-04-26 00:09:50.780 [main] INFO  com.zhihu.openbox.DefaultHandle - 手机号码: 17183095463 , 第 0 次获取验证码，返回值是: 3001
2018-04-26 00:09:53.852 [main] INFO  com.zhihu.openbox.DefaultHandle - 手机号码: 17183095463 , 第 1 次获取验证码，返回值是: 3001
2018-04-26 00:09:56.919 [main] INFO  com.zhihu.openbox.DefaultHandle - 手机号码: 17183095463 , 第 2 次获取验证码，返回值是: 3001
2018-04-26 00:10:00.030 [main] INFO  com.zhihu.openbox.DefaultHandle - 手机号码: 17183095463 , 第 3 次获取验证码，返回值是: 3001
2018-04-26 00:10:03.089 [main] INFO  com.zhihu.openbox.DefaultHandle - 手机号码: 17183095463 , 第 4 次获取验证码，返回值是: 3001
2018-04-26 00:10:06.151 [main] INFO  com.zhihu.openbox.DefaultHandle - 手机号码: 17183095463 , 第 5 次获取验证码，返回值是: 3001
2018-04-26 00:10:09.247 [main] INFO  com.zhihu.openbox.DefaultHandle - 手机号码: 17183095463 , 第 6 次获取验证码，返回值是: success|【知乎】创建帐号的验证码是 768123，10 分钟内有效。
2018-04-26 00:10:15.316 [main] INFO  com.zhihu.openbox.DefaultHandle - 开始上传头像
2018-04-26 00:13:24.898 [main] INFO  com.zhihu.openbox.DefaultHandle - 手机号码: 13483687327 , 第 0 次获取验证码，返回值是: 3001
2018-04-26 00:13:27.965 [main] INFO  com.zhihu.openbox.DefaultHandle - 手机号码: 13483687327 , 第 1 次获取验证码，返回值是: 3001
2018-04-26 00:13:31.022 [main] INFO  com.zhihu.openbox.DefaultHandle - 手机号码: 13483687327 , 第 2 次获取验证码，返回值是: 3001
2018-04-26 00:13:34.074 [main] INFO  com.zhihu.openbox.DefaultHandle - 手机号码: 13483687327 , 第 3 次获取验证码，返回值是: 3001
2018-04-26 00:13:37.157 [main] INFO  com.zhihu.openbox.DefaultHandle - 手机号码: 13483687327 , 第 4 次获取验证码，返回值是: 3001
2018-04-26 00:13:40.225 [main] INFO  com.zhihu.openbox.DefaultHandle - 手机号码: 13483687327 , 第 5 次获取验证码，返回值是: 3001
2018-04-26 00:13:43.276 [main] INFO  com.zhihu.openbox.DefaultHandle - 手机号码: 13483687327 , 第 6 次获取验证码，返回值是: 3001
2018-04-26 00:13:46.357 [main] INFO  com.zhihu.openbox.DefaultHandle - 手机号码: 13483687327 , 第 7 次获取验证码，返回值是: success|【知乎】创建帐号的验证码是 377303，10 分钟内有效。
2018-04-26 00:13:52.152 [main] INFO  com.zhihu.openbox.DefaultHandle - 开始上传头像
2018-04-26 00:17:31.085 [main] INFO  com.zhihu.openbox.DefaultHandle - 手机号码: 17055974072 , 第 0 次获取验证码，返回值是: 3001
2018-04-26 00:17:34.369 [main] INFO  com.zhihu.openbox.DefaultHandle - 手机号码: 17055974072 , 第 1 次获取验证码，返回值是: 3001
2018-04-26 00:17:37.523 [main] INFO  com.zhihu.openbox.DefaultHandle - 手机号码: 17055974072 , 第 2 次获取验证码，返回值是: 3001
2018-04-26 00:17:40.588 [main] INFO  com.zhihu.openbox.DefaultHandle - 手机号码: 17055974072 , 第 3 次获取验证码，返回值是: 3001
2018-04-26 00:17:43.637 [main] INFO  com.zhihu.openbox.DefaultHandle - 手机号码: 17055974072 , 第 4 次获取验证码，返回值是: 3001
2018-04-26 00:17:46.726 [main] INFO  com.zhihu.openbox.DefaultHandle - 手机号码: 17055974072 , 第 5 次获取验证码，返回值是: 3001
2018-04-26 00:17:49.788 [main] INFO  com.zhihu.openbox.DefaultHandle - 手机号码: 17055974072 , 第 6 次获取验证码，返回值是: 3001
2018-04-26 00:17:52.904 [main] INFO  com.zhihu.openbox.DefaultHandle - 手机号码: 17055974072 , 第 7 次获取验证码，返回值是: 3001
2018-04-26 00:17:55.976 [main] INFO  com.zhihu.openbox.DefaultHandle - 手机号码: 17055974072 , 第 8 次获取验证码，返回值是: 3001
2018-04-26 00:17:59.130 [main] INFO  com.zhihu.openbox.DefaultHandle - 手机号码: 17055974072 , 第 9 次获取验证码，返回值是: 3001
2018-04-26 00:18:02.204 [main] INFO  com.zhihu.openbox.DefaultHandle - 手机号码: 17055974072 , 第 10 次获取验证码，返回值是: 3001
2018-04-26 00:18:05.263 [main] INFO  com.zhihu.openbox.DefaultHandle - 手机号码: 17055974072 , 第 11 次获取验证码，返回值是: 3001
2018-04-26 00:18:08.320 [main] INFO  com.zhihu.openbox.DefaultHandle - 手机号码: 17055974072 , 第 12 次获取验证码，返回值是: 3001
2018-04-26 00:18:11.379 [main] INFO  com.zhihu.openbox.DefaultHandle - 手机号码: 17055974072 , 第 13 次获取验证码，返回值是: 3001
2018-04-26 00:20:11.229 [main] INFO  com.zhihu.openbox.DefaultHandle - 手机号码: 18458244673 , 第 0 次获取验证码，返回值是: 3001
2018-04-26 00:20:14.286 [main] INFO  com.zhihu.openbox.DefaultHandle - 手机号码: 18458244673 , 第 1 次获取验证码，返回值是: 3001
2018-04-26 00:20:17.360 [main] INFO  com.zhihu.openbox.DefaultHandle - 手机号码: 18458244673 , 第 2 次获取验证码，返回值是: 3001
2018-04-26 00:20:20.411 [main] INFO  com.zhihu.openbox.DefaultHandle - 手机号码: 18458244673 , 第 3 次获取验证码，返回值是: 3001
2018-04-26 00:20:23.492 [main] INFO  com.zhihu.openbox.DefaultHandle - 手机号码: 18458244673 , 第 4 次获取验证码，返回值是: 3001
2018-04-26 00:20:26.547 [main] INFO  com.zhihu.openbox.DefaultHandle - 手机号码: 18458244673 , 第 5 次获取验证码，返回值是: 3001
2018-04-26 00:20:29.599 [main] INFO  com.zhihu.openbox.DefaultHandle - 手机号码: 18458244673 , 第 6 次获取验证码，返回值是: 3001
2018-04-26 00:20:32.662 [main] INFO  com.zhihu.openbox.DefaultHandle - 手机号码: 18458244673 , 第 7 次获取验证码，返回值是: 3001
2018-04-26 00:20:35.729 [main] INFO  com.zhihu.openbox.DefaultHandle - 手机号码: 18458244673 , 第 8 次获取验证码，返回值是: 3001
2018-04-26 00:20:53.739 [main] INFO  com.zhihu.openbox.DefaultHandle - 手机号码: 18458244673 , 第 9 次获取验证码，返回值是: 3001
2018-04-26 00:20:59.465 [main] INFO  com.zhihu.openbox.DefaultHandle - 手机号码: 18458244673 , 第 10 次获取验证码，返回值是: 3001
2018-04-26 00:21:02.663 [main] INFO  com.zhihu.openbox.DefaultHandle - 手机号码: 18458244673 , 第 11 次获取验证码，返回值是: 3001
2018-04-26 00:21:05.762 [main] INFO  com.zhihu.openbox.DefaultHandle - 手机号码: 18458244673 , 第 12 次获取验证码，返回值是: 3001
2018-04-26 00:21:08.815 [main] INFO  com.zhihu.openbox.DefaultHandle - 手机号码: 18458244673 , 第 13 次获取验证码，返回值是: 3001
2018-04-26 00:21:11.865 [main] INFO  com.zhihu.openbox.DefaultHandle - 手机号码: 18458244673 , 第 14 次获取验证码，返回值是: 3001
2018-04-26 00:21:15.057 [main] INFO  com.zhihu.openbox.DefaultHandle - 手机号码: 18458244673 , 第 15 次获取验证码，返回值是: 3001
2018-04-26 00:21:18.112 [main] INFO  com.zhihu.openbox.DefaultHandle - 手机号码: 18458244673 , 第 16 次获取验证码，返回值是: 3001
2018-04-26 00:21:21.172 [main] INFO  com.zhihu.openbox.DefaultHandle - 手机号码: 18458244673 , 第 17 次获取验证码，返回值是: 3001
2018-04-26 00:21:24.269 [main] INFO  com.zhihu.openbox.DefaultHandle - 手机号码: 18458244673 , 第 18 次获取验证码，返回值是: 3001
2018-04-26 00:21:27.330 [main] INFO  com.zhihu.openbox.DefaultHandle - 手机号码: 18458244673 , 第 19 次获取验证码，返回值是: 3001
2018-04-26 00:21:30.390 [main] INFO  com.zhihu.openbox.DefaultSmsImpl - 释放手机号码 18458244673 成功 
2018-04-26 00:21:30.394 [main] INFO  com.zhihu.openbox.DefaultHandle - 手机号码 18458244673 获取验证码次数超过规定次数，跳过
2018-04-26 00:21:30.397 [main] INFO  com.zhihu.openbox.Application - 第 1 次注册完成
2018-04-26 00:21:32.453 [main] INFO  com.zhihu.openbox.DefaultHandle - 手机号码: 18458345137 , 第 0 次获取验证码，返回值是: 3001
2018-04-26 00:21:35.506 [main] INFO  com.zhihu.openbox.DefaultHandle - 手机号码: 18458345137 , 第 1 次获取验证码，返回值是: 3001
2018-04-26 00:21:38.562 [main] INFO  com.zhihu.openbox.DefaultHandle - 手机号码: 18458345137 , 第 2 次获取验证码，返回值是: 3001
2018-04-26 00:21:41.636 [main] INFO  com.zhihu.openbox.DefaultHandle - 手机号码: 18458345137 , 第 3 次获取验证码，返回值是: 3001
2018-04-26 00:21:44.687 [main] INFO  com.zhihu.openbox.DefaultHandle - 手机号码: 18458345137 , 第 4 次获取验证码，返回值是: 3001
2018-04-26 00:21:47.899 [main] INFO  com.zhihu.openbox.DefaultHandle - 手机号码: 18458345137 , 第 5 次获取验证码，返回值是: 3001
2018-04-26 00:21:50.973 [main] INFO  com.zhihu.openbox.DefaultHandle - 手机号码: 18458345137 , 第 6 次获取验证码，返回值是: 3001
2018-04-26 00:21:54.104 [main] INFO  com.zhihu.openbox.DefaultHandle - 手机号码: 18458345137 , 第 7 次获取验证码，返回值是: 3001
2018-04-26 00:22:05.353 [main] INFO  com.zhihu.openbox.DefaultHandle - 手机号码: 13045704054 , 第 0 次获取验证码，返回值是: 3001
2018-04-26 00:22:08.409 [main] INFO  com.zhihu.openbox.DefaultHandle - 手机号码: 13045704054 , 第 1 次获取验证码，返回值是: 3001
2018-04-26 00:22:11.463 [main] INFO  com.zhihu.openbox.DefaultHandle - 手机号码: 13045704054 , 第 2 次获取验证码，返回值是: 3001
2018-04-26 00:22:14.558 [main] INFO  com.zhihu.openbox.DefaultHandle - 手机号码: 13045704054 , 第 3 次获取验证码，返回值是: 3001
2018-04-26 00:22:17.621 [main] INFO  com.zhihu.openbox.DefaultHandle - 手机号码: 13045704054 , 第 4 次获取验证码，返回值是: success|【知乎】创建帐号的验证码是 382899，10 分钟内有效。
2018-04-26 00:22:23.261 [main] INFO  com.zhihu.openbox.DefaultHandle - 开始上传头像
2018-04-26 00:27:03.381 [main] INFO  com.zhihu.openbox.DefaultHandle - 手机号码: 18474052274 , 第 0 次获取验证码，返回值是: 3001
2018-04-26 00:27:06.437 [main] INFO  com.zhihu.openbox.DefaultHandle - 手机号码: 18474052274 , 第 1 次获取验证码，返回值是: 3001
2018-04-26 00:27:09.669 [main] INFO  com.zhihu.openbox.DefaultHandle - 手机号码: 18474052274 , 第 2 次获取验证码，返回值是: 3001
2018-04-26 00:27:12.729 [main] INFO  com.zhihu.openbox.DefaultHandle - 手机号码: 18474052274 , 第 3 次获取验证码，返回值是: 3001
2018-04-26 00:27:15.790 [main] INFO  com.zhihu.openbox.DefaultHandle - 手机号码: 18474052274 , 第 4 次获取验证码，返回值是: 3001
2018-04-26 00:27:18.851 [main] INFO  com.zhihu.openbox.DefaultHandle - 手机号码: 18474052274 , 第 5 次获取验证码，返回值是: 3001
2018-04-26 00:27:21.909 [main] INFO  com.zhihu.openbox.DefaultHandle - 手机号码: 18474052274 , 第 6 次获取验证码，返回值是: 3001
2018-04-26 00:27:24.969 [main] INFO  com.zhihu.openbox.DefaultHandle - 手机号码: 18474052274 , 第 7 次获取验证码，返回值是: 3001
2018-04-26 00:27:28.987 [main] INFO  com.zhihu.openbox.DefaultHandle - 手机号码: 18474052274 , 第 8 次获取验证码，返回值是: 3001
2018-04-26 00:27:32.079 [main] INFO  com.zhihu.openbox.DefaultHandle - 手机号码: 18474052274 , 第 9 次获取验证码，返回值是: 3001
2018-04-26 00:27:54.393 [main] INFO  com.zhihu.openbox.DefaultHandle - 手机号码: 17151644642 , 第 0 次获取验证码，返回值是: 3001
2018-04-26 00:27:57.460 [main] INFO  com.zhihu.openbox.DefaultHandle - 手机号码: 17151644642 , 第 1 次获取验证码，返回值是: 3001
2018-04-26 00:28:00.517 [main] INFO  com.zhihu.openbox.DefaultHandle - 手机号码: 17151644642 , 第 2 次获取验证码，返回值是: 3001
2018-04-26 00:28:03.634 [main] INFO  com.zhihu.openbox.DefaultHandle - 手机号码: 17151644642 , 第 3 次获取验证码，返回值是: 3001
2018-04-26 00:28:06.730 [main] INFO  com.zhihu.openbox.DefaultHandle - 手机号码: 17151644642 , 第 4 次获取验证码，返回值是: 3001
2018-04-26 00:28:24.514 [main] INFO  com.zhihu.openbox.DefaultHandle - 手机号码: 17151644642 , 第 5 次获取验证码，返回值是: 3001
2018-04-26 00:28:31.881 [main] INFO  com.zhihu.openbox.DefaultHandle - 手机号码: 17151644642 , 第 6 次获取验证码，返回值是: success|【知乎】创建帐号的验证码是 503617，10 分钟内有效。
2018-04-26 00:28:37.714 [main] INFO  com.zhihu.openbox.DefaultHandle - 开始上传头像
2018-04-26 00:28:50.046 [main] INFO  com.zhihu.openbox.Application - 第 1 次注册完成
2018-04-26 00:28:51.811 [main] INFO  com.zhihu.openbox.DefaultHandle - 手机号码: 17162522745 , 第 0 次获取验证码，返回值是: 3001
2018-04-26 00:28:54.864 [main] INFO  com.zhihu.openbox.DefaultHandle - 手机号码: 17162522745 , 第 1 次获取验证码，返回值是: 3001
2018-04-26 00:28:57.925 [main] INFO  com.zhihu.openbox.DefaultHandle - 手机号码: 17162522745 , 第 2 次获取验证码，返回值是: 3001
2018-04-26 00:29:00.981 [main] INFO  com.zhihu.openbox.DefaultHandle - 手机号码: 17162522745 , 第 3 次获取验证码，返回值是: 3001
2018-04-26 00:29:04.042 [main] INFO  com.zhihu.openbox.DefaultHandle - 手机号码: 17162522745 , 第 4 次获取验证码，返回值是: 3001
2018-04-26 00:29:07.098 [main] INFO  com.zhihu.openbox.DefaultHandle - 手机号码: 17162522745 , 第 5 次获取验证码，返回值是: 3001
2018-04-26 00:29:10.358 [main] INFO  com.zhihu.openbox.DefaultHandle - 手机号码: 17162522745 , 第 6 次获取验证码，返回值是: success|【知乎】创建帐号的验证码是 418814，10 分钟内有效。
2018-04-26 00:29:16.100 [main] INFO  com.zhihu.openbox.DefaultHandle - 开始上传头像
2018-04-26 00:29:26.981 [main] INFO  com.zhihu.openbox.Application - 第 2 次注册完成
2018-04-26 00:29:27.642 [main] INFO  com.zhihu.openbox.DefaultSmsImpl - 释放手机号码 17171217343 成功 
2018-04-26 00:29:37.713 [main] ERROR com.zhihu.openbox.DefaultHandle - 数字验证码：{}
org.openqa.selenium.NoSuchElementException: no such element: Unable to locate element: {"method":"class name","selector":"Captcha-englishImg"}
  (Session info: chrome=66.0.3359.117)
  (Driver info: chromedriver=2.37.544315 (730aa6a5fdba159ac9f4c1e8cbc59bf1b5ce12b7),platform=Windows NT 10.0.16299 x86_64) (WARNING: The server did not provide any stacktrace information)
Command duration or timeout: 10.05 seconds
For documentation on this error, please visit: http://seleniumhq.org/exceptions/no_such_element.html
Build info: version: '3.4.0', revision: 'unknown', time: 'unknown'
System info: host: 'MicroWin10-0414', ip: '192.168.184.1', os.name: 'Windows 10', os.arch: 'amd64', os.version: '10.0', java.version: '1.8.0_131'
Driver info: org.openqa.selenium.chrome.ChromeDriver
Capabilities [{applicationCacheEnabled=false, rotatable=false, mobileEmulationEnabled=false, networkConnectionEnabled=false, chrome={chromedriverVersion=2.37.544315 (730aa6a5fdba159ac9f4c1e8cbc59bf1b5ce12b7), userDataDir=C:\Users\ADMINI~1\AppData\Local\Temp\scoped_dir15624_6629}, takesHeapSnapshot=true, pageLoadStrategy=normal, databaseEnabled=false, handlesAlerts=true, hasTouchScreen=false, version=66.0.3359.117, platform=XP, browserConnectionEnabled=false, nativeEvents=true, acceptSslCerts=false, acceptInsecureCerts=false, locationContextEnabled=true, webStorageEnabled=true, browserName=chrome, takesScreenshot=true, javascriptEnabled=true, cssSelectorsEnabled=true, setWindowRect=true, unexpectedAlertBehaviour=}]
Session ID: cea8a1659f0d98e6d1b5811bbb40fecf
*** Element info: {Using=class name, value=Captcha-englishImg}
	at sun.reflect.NativeConstructorAccessorImpl.newInstance0(Native Method)
	at sun.reflect.NativeConstructorAccessorImpl.newInstance(NativeConstructorAccessorImpl.java:62)
	at sun.reflect.DelegatingConstructorAccessorImpl.newInstance(DelegatingConstructorAccessorImpl.java:45)
	at java.lang.reflect.Constructor.newInstance(Constructor.java:423)
	at org.openqa.selenium.remote.ErrorHandler.createThrowable(ErrorHandler.java:215)
	at org.openqa.selenium.remote.ErrorHandler.throwIfResponseFailed(ErrorHandler.java:167)
	at org.openqa.selenium.remote.RemoteWebDriver.execute(RemoteWebDriver.java:671)
	at org.openqa.selenium.remote.RemoteWebDriver.findElement(RemoteWebDriver.java:410)
	at org.openqa.selenium.remote.RemoteWebDriver.findElementByClassName(RemoteWebDriver.java:493)
	at org.openqa.selenium.By$ByClassName.findElement(By.java:391)
	at org.openqa.selenium.remote.RemoteWebDriver.findElement(RemoteWebDriver.java:402)
	at com.zhihu.openbox.DefaultHandle.hasEnglishCaptchar(DefaultHandle.java:232)
	at com.zhihu.openbox.DefaultHandle.handler(DefaultHandle.java:66)
	at com.zhihu.openbox.Application.main(Application.java:20)
2018-04-26 00:29:37.734 [main] INFO  com.zhihu.openbox.DefaultHandle - 中文验证码显示中，跳过注册
2018-04-26 00:29:37.735 [main] INFO  com.zhihu.openbox.Application - 第 3 次注册完成
2018-04-26 00:29:38.511 [main] INFO  com.zhihu.openbox.DefaultSmsImpl - 释放手机号码 18334397746 成功 
2018-04-26 00:29:48.520 [main] ERROR com.zhihu.openbox.DefaultHandle - 数字验证码：{}
org.openqa.selenium.NoSuchElementException: no such element: Unable to locate element: {"method":"class name","selector":"Captcha-englishImg"}
  (Session info: chrome=66.0.3359.117)
  (Driver info: chromedriver=2.37.544315 (730aa6a5fdba159ac9f4c1e8cbc59bf1b5ce12b7),platform=Windows NT 10.0.16299 x86_64) (WARNING: The server did not provide any stacktrace information)
Command duration or timeout: 10.01 seconds
For documentation on this error, please visit: http://seleniumhq.org/exceptions/no_such_element.html
Build info: version: '3.4.0', revision: 'unknown', time: 'unknown'
System info: host: 'MicroWin10-0414', ip: '192.168.184.1', os.name: 'Windows 10', os.arch: 'amd64', os.version: '10.0', java.version: '1.8.0_131'
Driver info: org.openqa.selenium.chrome.ChromeDriver
Capabilities [{applicationCacheEnabled=false, rotatable=false, mobileEmulationEnabled=false, networkConnectionEnabled=false, chrome={chromedriverVersion=2.37.544315 (730aa6a5fdba159ac9f4c1e8cbc59bf1b5ce12b7), userDataDir=C:\Users\ADMINI~1\AppData\Local\Temp\scoped_dir15624_6629}, takesHeapSnapshot=true, pageLoadStrategy=normal, databaseEnabled=false, handlesAlerts=true, hasTouchScreen=false, version=66.0.3359.117, platform=XP, browserConnectionEnabled=false, nativeEvents=true, acceptSslCerts=false, acceptInsecureCerts=false, locationContextEnabled=true, webStorageEnabled=true, browserName=chrome, takesScreenshot=true, javascriptEnabled=true, cssSelectorsEnabled=true, setWindowRect=true, unexpectedAlertBehaviour=}]
Session ID: cea8a1659f0d98e6d1b5811bbb40fecf
*** Element info: {Using=class name, value=Captcha-englishImg}
	at sun.reflect.NativeConstructorAccessorImpl.newInstance0(Native Method)
	at sun.reflect.NativeConstructorAccessorImpl.newInstance(NativeConstructorAccessorImpl.java:62)
	at sun.reflect.DelegatingConstructorAccessorImpl.newInstance(DelegatingConstructorAccessorImpl.java:45)
	at java.lang.reflect.Constructor.newInstance(Constructor.java:423)
	at org.openqa.selenium.remote.ErrorHandler.createThrowable(ErrorHandler.java:215)
	at org.openqa.selenium.remote.ErrorHandler.throwIfResponseFailed(ErrorHandler.java:167)
	at org.openqa.selenium.remote.RemoteWebDriver.execute(RemoteWebDriver.java:671)
	at org.openqa.selenium.remote.RemoteWebDriver.findElement(RemoteWebDriver.java:410)
	at org.openqa.selenium.remote.RemoteWebDriver.findElementByClassName(RemoteWebDriver.java:493)
	at org.openqa.selenium.By$ByClassName.findElement(By.java:391)
	at org.openqa.selenium.remote.RemoteWebDriver.findElement(RemoteWebDriver.java:402)
	at com.zhihu.openbox.DefaultHandle.hasEnglishCaptchar(DefaultHandle.java:232)
	at com.zhihu.openbox.DefaultHandle.handler(DefaultHandle.java:66)
	at com.zhihu.openbox.Application.main(Application.java:20)
2018-04-26 00:29:48.545 [main] INFO  com.zhihu.openbox.DefaultHandle - 中文验证码显示中，跳过注册
2018-04-26 00:29:48.545 [main] INFO  com.zhihu.openbox.Application - 第 4 次注册完成
2018-04-26 00:29:49.328 [main] INFO  com.zhihu.openbox.DefaultSmsImpl - 释放手机号码 18458347046 成功 
2018-04-26 00:29:49.337 [main] INFO  com.zhihu.openbox.DefaultHandle - 数字验证码显示中， 跳过注册
2018-04-26 00:29:49.338 [main] INFO  com.zhihu.openbox.Application - 第 5 次注册完成
2018-04-26 00:29:51.285 [main] INFO  com.zhihu.openbox.DefaultHandle - 手机号码: 18814861007 , 第 0 次获取验证码，返回值是: 3001
2018-04-26 00:29:54.422 [main] INFO  com.zhihu.openbox.DefaultHandle - 手机号码: 18814861007 , 第 1 次获取验证码，返回值是: 3001
2018-04-26 00:29:58.167 [main] INFO  com.zhihu.openbox.DefaultHandle - 手机号码: 18814861007 , 第 2 次获取验证码，返回值是: 3001
2018-04-26 00:30:01.297 [main] INFO  com.zhihu.openbox.DefaultHandle - 手机号码: 18814861007 , 第 3 次获取验证码，返回值是: 3001
2018-04-26 00:30:04.362 [main] INFO  com.zhihu.openbox.DefaultHandle - 手机号码: 18814861007 , 第 4 次获取验证码，返回值是: 3001
2018-04-26 00:30:07.422 [main] INFO  com.zhihu.openbox.DefaultHandle - 手机号码: 18814861007 , 第 5 次获取验证码，返回值是: 3001
2018-04-26 00:30:10.503 [main] INFO  com.zhihu.openbox.DefaultHandle - 手机号码: 18814861007 , 第 6 次获取验证码，返回值是: 3001
2018-04-26 00:30:13.562 [main] INFO  com.zhihu.openbox.DefaultHandle - 手机号码: 18814861007 , 第 7 次获取验证码，返回值是: 3001
2018-04-26 00:30:16.658 [main] INFO  com.zhihu.openbox.DefaultHandle - 手机号码: 18814861007 , 第 8 次获取验证码，返回值是: 3001
2018-04-26 00:30:19.733 [main] INFO  com.zhihu.openbox.DefaultHandle - 手机号码: 18814861007 , 第 9 次获取验证码，返回值是: 3001
2018-04-26 00:30:22.786 [main] INFO  com.zhihu.openbox.DefaultHandle - 手机号码: 18814861007 , 第 10 次获取验证码，返回值是: 3001
2018-04-26 00:30:26.149 [main] INFO  com.zhihu.openbox.DefaultHandle - 手机号码: 18814861007 , 第 11 次获取验证码，返回值是: 3001
2018-04-26 00:30:29.208 [main] INFO  com.zhihu.openbox.DefaultHandle - 手机号码: 18814861007 , 第 12 次获取验证码，返回值是: 3001
2018-04-26 00:30:32.289 [main] INFO  com.zhihu.openbox.DefaultHandle - 手机号码: 18814861007 , 第 13 次获取验证码，返回值是: 3001
2018-04-26 00:30:35.345 [main] INFO  com.zhihu.openbox.DefaultHandle - 手机号码: 18814861007 , 第 14 次获取验证码，返回值是: 3001
2018-04-26 00:30:38.579 [main] INFO  com.zhihu.openbox.DefaultHandle - 手机号码: 18814861007 , 第 15 次获取验证码，返回值是: 3001
2018-04-26 00:30:41.693 [main] INFO  com.zhihu.openbox.DefaultHandle - 手机号码: 18814861007 , 第 16 次获取验证码，返回值是: 3001
2018-04-26 00:30:44.774 [main] INFO  com.zhihu.openbox.DefaultHandle - 手机号码: 18814861007 , 第 17 次获取验证码，返回值是: 3001
2018-04-26 00:30:47.859 [main] INFO  com.zhihu.openbox.DefaultHandle - 手机号码: 18814861007 , 第 18 次获取验证码，返回值是: success|【知乎】创建帐号的验证码是 565980，10 分钟内有效。
2018-04-26 00:30:53.335 [main] INFO  com.zhihu.openbox.DefaultHandle - 开始上传头像
2018-04-26 00:31:04.253 [main] INFO  com.zhihu.openbox.Application - 第 6 次注册完成
2018-04-26 00:31:06.357 [main] INFO  com.zhihu.openbox.DefaultHandle - 手机号码: 17153717241 , 第 0 次获取验证码，返回值是: 3001
2018-04-26 00:31:09.705 [main] INFO  com.zhihu.openbox.DefaultHandle - 手机号码: 17153717241 , 第 1 次获取验证码，返回值是: 3001
2018-04-26 00:31:12.766 [main] INFO  com.zhihu.openbox.DefaultHandle - 手机号码: 17153717241 , 第 2 次获取验证码，返回值是: 3001
2018-04-26 00:31:16.207 [main] INFO  com.zhihu.openbox.DefaultHandle - 手机号码: 17153717241 , 第 3 次获取验证码，返回值是: 3001
2018-04-26 00:31:19.293 [main] INFO  com.zhihu.openbox.DefaultHandle - 手机号码: 17153717241 , 第 4 次获取验证码，返回值是: success|【知乎】创建帐号的验证码是 336273，10 分钟内有效。
2018-04-26 00:31:24.748 [main] INFO  com.zhihu.openbox.DefaultHandle - 开始上传头像
2018-04-26 00:31:36.308 [main] INFO  com.zhihu.openbox.Application - 第 7 次注册完成
2018-04-26 00:31:37.382 [main] INFO  com.zhihu.openbox.DefaultSmsImpl - 释放手机号码 17195133640 成功 
2018-04-26 00:31:47.422 [main] ERROR com.zhihu.openbox.DefaultHandle - 数字验证码：{}
org.openqa.selenium.NoSuchElementException: no such element: Unable to locate element: {"method":"class name","selector":"Captcha-englishImg"}
  (Session info: chrome=66.0.3359.117)
  (Driver info: chromedriver=2.37.544315 (730aa6a5fdba159ac9f4c1e8cbc59bf1b5ce12b7),platform=Windows NT 10.0.16299 x86_64) (WARNING: The server did not provide any stacktrace information)
Command duration or timeout: 10.04 seconds
For documentation on this error, please visit: http://seleniumhq.org/exceptions/no_such_element.html
Build info: version: '3.4.0', revision: 'unknown', time: 'unknown'
System info: host: 'MicroWin10-0414', ip: '192.168.184.1', os.name: 'Windows 10', os.arch: 'amd64', os.version: '10.0', java.version: '1.8.0_131'
Driver info: org.openqa.selenium.chrome.ChromeDriver
Capabilities [{applicationCacheEnabled=false, rotatable=false, mobileEmulationEnabled=false, networkConnectionEnabled=false, chrome={chromedriverVersion=2.37.544315 (730aa6a5fdba159ac9f4c1e8cbc59bf1b5ce12b7), userDataDir=C:\Users\ADMINI~1\AppData\Local\Temp\scoped_dir15624_6629}, takesHeapSnapshot=true, pageLoadStrategy=normal, databaseEnabled=false, handlesAlerts=true, hasTouchScreen=false, version=66.0.3359.117, platform=XP, browserConnectionEnabled=false, nativeEvents=true, acceptSslCerts=false, acceptInsecureCerts=false, locationContextEnabled=true, webStorageEnabled=true, browserName=chrome, takesScreenshot=true, javascriptEnabled=true, cssSelectorsEnabled=true, setWindowRect=true, unexpectedAlertBehaviour=}]
Session ID: cea8a1659f0d98e6d1b5811bbb40fecf
*** Element info: {Using=class name, value=Captcha-englishImg}
	at sun.reflect.NativeConstructorAccessorImpl.newInstance0(Native Method)
	at sun.reflect.NativeConstructorAccessorImpl.newInstance(NativeConstructorAccessorImpl.java:62)
	at sun.reflect.DelegatingConstructorAccessorImpl.newInstance(DelegatingConstructorAccessorImpl.java:45)
	at java.lang.reflect.Constructor.newInstance(Constructor.java:423)
	at org.openqa.selenium.remote.ErrorHandler.createThrowable(ErrorHandler.java:215)
	at org.openqa.selenium.remote.ErrorHandler.throwIfResponseFailed(ErrorHandler.java:167)
	at org.openqa.selenium.remote.RemoteWebDriver.execute(RemoteWebDriver.java:671)
	at org.openqa.selenium.remote.RemoteWebDriver.findElement(RemoteWebDriver.java:410)
	at org.openqa.selenium.remote.RemoteWebDriver.findElementByClassName(RemoteWebDriver.java:493)
	at org.openqa.selenium.By$ByClassName.findElement(By.java:391)
	at org.openqa.selenium.remote.RemoteWebDriver.findElement(RemoteWebDriver.java:402)
	at com.zhihu.openbox.DefaultHandle.hasEnglishCaptchar(DefaultHandle.java:232)
	at com.zhihu.openbox.DefaultHandle.handler(DefaultHandle.java:66)
	at com.zhihu.openbox.Application.main(Application.java:20)
2018-04-26 00:31:47.447 [main] INFO  com.zhihu.openbox.DefaultHandle - 中文验证码显示中，跳过注册
2018-04-26 00:31:47.448 [main] INFO  com.zhihu.openbox.Application - 第 8 次注册完成
2018-04-26 00:31:49.680 [main] INFO  com.zhihu.openbox.DefaultHandle - 手机号码: 17078747315 , 第 0 次获取验证码，返回值是: 3001
2018-04-26 00:31:52.996 [main] INFO  com.zhihu.openbox.DefaultHandle - 手机号码: 17078747315 , 第 1 次获取验证码，返回值是: 3001
2018-04-26 00:31:56.128 [main] INFO  com.zhihu.openbox.DefaultHandle - 手机号码: 17078747315 , 第 2 次获取验证码，返回值是: 3001
2018-04-26 00:31:59.199 [main] INFO  com.zhihu.openbox.DefaultHandle - 手机号码: 17078747315 , 第 3 次获取验证码，返回值是: 3001
2018-04-26 00:32:02.250 [main] INFO  com.zhihu.openbox.DefaultHandle - 手机号码: 17078747315 , 第 4 次获取验证码，返回值是: 3001
2018-04-26 00:32:05.335 [main] INFO  com.zhihu.openbox.DefaultHandle - 手机号码: 17078747315 , 第 5 次获取验证码，返回值是: 3001
2018-04-26 00:32:08.384 [main] INFO  com.zhihu.openbox.DefaultHandle - 手机号码: 17078747315 , 第 6 次获取验证码，返回值是: 3001
2018-04-26 00:32:11.489 [main] INFO  com.zhihu.openbox.DefaultHandle - 手机号码: 17078747315 , 第 7 次获取验证码，返回值是: 3001
2018-04-26 00:32:14.541 [main] INFO  com.zhihu.openbox.DefaultHandle - 手机号码: 17078747315 , 第 8 次获取验证码，返回值是: 3001
2018-04-26 00:34:50.606 [main] INFO  com.zhihu.openbox.DefaultHandle - 手机号码: 17137630604 , 第 0 次获取验证码，返回值是: 3001
2018-04-26 00:34:53.670 [main] INFO  com.zhihu.openbox.DefaultHandle - 手机号码: 17137630604 , 第 1 次获取验证码，返回值是: 3001
2018-04-26 00:34:56.734 [main] INFO  com.zhihu.openbox.DefaultHandle - 手机号码: 17137630604 , 第 2 次获取验证码，返回值是: 3001
2018-04-26 00:34:59.791 [main] INFO  com.zhihu.openbox.DefaultHandle - 手机号码: 17137630604 , 第 3 次获取验证码，返回值是: 3001
2018-04-26 00:35:02.878 [main] INFO  com.zhihu.openbox.DefaultHandle - 手机号码: 17137630604 , 第 4 次获取验证码，返回值是: 3001
2018-04-26 00:35:05.939 [main] INFO  com.zhihu.openbox.DefaultHandle - 手机号码: 17137630604 , 第 5 次获取验证码，返回值是: success|【知乎】创建帐号的验证码是 666337，10 分钟内有效。
2018-04-26 00:35:14.019 [main] INFO  com.zhihu.openbox.DefaultHandle - 开始上传头像
2018-04-26 00:35:30.052 [main] INFO  com.zhihu.openbox.Application - 第 1 次注册完成
2018-04-26 00:35:30.762 [main] INFO  com.zhihu.openbox.DefaultSmsImpl - 释放手机号码 17138535493 成功 
2018-04-26 00:35:30.778 [main] INFO  com.zhihu.openbox.DefaultHandle - 数字验证码显示中， 跳过注册
2018-04-26 00:35:30.779 [main] INFO  com.zhihu.openbox.Application - 第 2 次注册完成
2018-04-26 00:35:32.823 [main] INFO  com.zhihu.openbox.DefaultHandle - 手机号码: 17198292184 , 第 0 次获取验证码，返回值是: 3001
2018-04-26 00:35:35.879 [main] INFO  com.zhihu.openbox.DefaultHandle - 手机号码: 17198292184 , 第 1 次获取验证码，返回值是: 3001
2018-04-26 00:35:38.927 [main] INFO  com.zhihu.openbox.DefaultHandle - 手机号码: 17198292184 , 第 2 次获取验证码，返回值是: 3001
2018-04-26 00:35:41.992 [main] INFO  com.zhihu.openbox.DefaultHandle - 手机号码: 17198292184 , 第 3 次获取验证码，返回值是: 3001
2018-04-26 00:35:45.053 [main] INFO  com.zhihu.openbox.DefaultHandle - 手机号码: 17198292184 , 第 4 次获取验证码，返回值是: 3001
2018-04-26 00:35:48.141 [main] INFO  com.zhihu.openbox.DefaultHandle - 手机号码: 17198292184 , 第 5 次获取验证码，返回值是: 3001
2018-04-26 00:35:51.419 [main] INFO  com.zhihu.openbox.DefaultHandle - 手机号码: 17198292184 , 第 6 次获取验证码，返回值是: 3001
2018-04-26 00:36:01.546 [main] INFO  com.zhihu.openbox.DefaultHandle - 手机号码: 17198292184 , 第 7 次获取验证码，返回值是: 3001
2018-04-26 00:36:05.899 [main] INFO  com.zhihu.openbox.DefaultHandle - 手机号码: 17198292184 , 第 8 次获取验证码，返回值是: 3001
2018-04-26 00:36:09.159 [main] INFO  com.zhihu.openbox.DefaultHandle - 手机号码: 17198292184 , 第 9 次获取验证码，返回值是: 3001
2018-04-26 00:36:12.218 [main] INFO  com.zhihu.openbox.DefaultHandle - 手机号码: 17198292184 , 第 10 次获取验证码，返回值是: 3001
2018-04-26 00:36:15.277 [main] INFO  com.zhihu.openbox.DefaultHandle - 手机号码: 17198292184 , 第 11 次获取验证码，返回值是: 3001
2018-04-26 00:36:18.372 [main] INFO  com.zhihu.openbox.DefaultHandle - 手机号码: 17198292184 , 第 12 次获取验证码，返回值是: 3001
2018-04-26 00:36:21.427 [main] INFO  com.zhihu.openbox.DefaultHandle - 手机号码: 17198292184 , 第 13 次获取验证码，返回值是: 3001
2018-04-26 00:36:24.586 [main] INFO  com.zhihu.openbox.DefaultHandle - 手机号码: 17198292184 , 第 14 次获取验证码，返回值是: 3001
2018-04-26 00:36:27.653 [main] INFO  com.zhihu.openbox.DefaultHandle - 手机号码: 17198292184 , 第 15 次获取验证码，返回值是: 3001
2018-04-26 00:36:30.961 [main] INFO  com.zhihu.openbox.DefaultHandle - 手机号码: 17198292184 , 第 16 次获取验证码，返回值是: 3001
2018-04-26 00:36:34.134 [main] INFO  com.zhihu.openbox.DefaultHandle - 手机号码: 17198292184 , 第 17 次获取验证码，返回值是: 3001
2018-04-26 00:36:37.776 [main] INFO  com.zhihu.openbox.DefaultHandle - 手机号码: 17198292184 , 第 18 次获取验证码，返回值是: 3001
2018-04-26 00:36:40.830 [main] INFO  com.zhihu.openbox.DefaultHandle - 手机号码: 17198292184 , 第 19 次获取验证码，返回值是: 3001
2018-04-26 00:36:43.882 [main] INFO  com.zhihu.openbox.DefaultSmsImpl - 释放手机号码 17198292184 成功 
2018-04-26 00:36:43.883 [main] INFO  com.zhihu.openbox.DefaultHandle - 手机号码 17198292184 获取验证码次数超过规定次数，跳过
2018-04-26 00:36:43.885 [main] INFO  com.zhihu.openbox.Application - 第 3 次注册完成
2018-04-26 00:36:46.331 [main] INFO  com.zhihu.openbox.DefaultHandle - 手机号码: 17070734943 , 第 0 次获取验证码，返回值是: 3001
2018-04-26 00:36:50.417 [main] INFO  com.zhihu.openbox.DefaultHandle - 手机号码: 17070734943 , 第 1 次获取验证码，返回值是: 3001
2018-04-26 00:36:53.469 [main] INFO  com.zhihu.openbox.DefaultHandle - 手机号码: 17070734943 , 第 2 次获取验证码，返回值是: 3001
2018-04-26 00:36:56.537 [main] INFO  com.zhihu.openbox.DefaultHandle - 手机号码: 17070734943 , 第 3 次获取验证码，返回值是: 3001
2018-04-26 00:36:59.834 [main] INFO  com.zhihu.openbox.DefaultHandle - 手机号码: 17070734943 , 第 4 次获取验证码，返回值是: success|【知乎】创建帐号的验证码是 896831，10 分钟内有效。
2018-04-26 00:37:05.371 [main] INFO  com.zhihu.openbox.DefaultHandle - 开始上传头像
2018-04-26 00:37:16.288 [main] INFO  com.zhihu.openbox.Application - 第 4 次注册完成
2018-04-26 00:37:18.230 [main] INFO  com.zhihu.openbox.DefaultHandle - 手机号码: 17070735495 , 第 0 次获取验证码，返回值是: 3001
2018-04-26 00:37:21.282 [main] INFO  com.zhihu.openbox.DefaultHandle - 手机号码: 17070735495 , 第 1 次获取验证码，返回值是: 3001
2018-04-26 00:37:24.346 [main] INFO  com.zhihu.openbox.DefaultHandle - 手机号码: 17070735495 , 第 2 次获取验证码，返回值是: 3001
2018-04-26 00:37:27.419 [main] INFO  com.zhihu.openbox.DefaultHandle - 手机号码: 17070735495 , 第 3 次获取验证码，返回值是: 3001
2018-04-26 00:37:30.546 [main] INFO  com.zhihu.openbox.DefaultHandle - 手机号码: 17070735495 , 第 4 次获取验证码，返回值是: 3001
2018-04-26 00:37:33.605 [main] INFO  com.zhihu.openbox.DefaultHandle - 手机号码: 17070735495 , 第 5 次获取验证码，返回值是: 3001
2018-04-26 00:37:36.759 [main] INFO  com.zhihu.openbox.DefaultHandle - 手机号码: 17070735495 , 第 6 次获取验证码，返回值是: 3001
2018-04-26 00:37:40.592 [main] INFO  com.zhihu.openbox.DefaultHandle - 手机号码: 17070735495 , 第 7 次获取验证码，返回值是: 3001
2018-04-26 00:37:43.652 [main] INFO  com.zhihu.openbox.DefaultHandle - 手机号码: 17070735495 , 第 8 次获取验证码，返回值是: 3001
2018-04-26 00:37:46.726 [main] INFO  com.zhihu.openbox.DefaultHandle - 手机号码: 17070735495 , 第 9 次获取验证码，返回值是: 3001
2018-04-26 00:37:49.782 [main] INFO  com.zhihu.openbox.DefaultHandle - 手机号码: 17070735495 , 第 10 次获取验证码，返回值是: 3001
2018-04-26 00:37:52.844 [main] INFO  com.zhihu.openbox.DefaultHandle - 手机号码: 17070735495 , 第 11 次获取验证码，返回值是: 3001
2018-04-26 00:37:55.901 [main] INFO  com.zhihu.openbox.DefaultHandle - 手机号码: 17070735495 , 第 12 次获取验证码，返回值是: 3001
2018-04-26 00:37:58.956 [main] INFO  com.zhihu.openbox.DefaultHandle - 手机号码: 17070735495 , 第 13 次获取验证码，返回值是: 3001
2018-04-26 00:38:02.368 [main] INFO  com.zhihu.openbox.DefaultHandle - 手机号码: 17070735495 , 第 14 次获取验证码，返回值是: 3001
2018-04-26 00:38:05.424 [main] INFO  com.zhihu.openbox.DefaultHandle - 手机号码: 17070735495 , 第 15 次获取验证码，返回值是: 3001
2018-04-26 00:38:08.896 [main] INFO  com.zhihu.openbox.DefaultHandle - 手机号码: 17070735495 , 第 16 次获取验证码，返回值是: 3001
2018-04-26 23:58:17.192 [main] INFO  com.zhihu.openbox.DefaultHandle - 手机号码: 18474725951 , 第 0 次获取验证码，返回值是: 3001
2018-04-26 23:58:20.248 [main] INFO  com.zhihu.openbox.DefaultHandle - 手机号码: 18474725951 , 第 1 次获取验证码，返回值是: 3001
2018-04-26 23:58:23.340 [main] INFO  com.zhihu.openbox.DefaultHandle - 手机号码: 18474725951 , 第 2 次获取验证码，返回值是: 3001
2018-04-26 23:58:26.408 [main] INFO  com.zhihu.openbox.DefaultHandle - 手机号码: 18474725951 , 第 3 次获取验证码，返回值是: 3001
2018-04-26 23:58:29.493 [main] INFO  com.zhihu.openbox.DefaultHandle - 手机号码: 18474725951 , 第 4 次获取验证码，返回值是: 3001
2018-04-26 23:58:32.561 [main] INFO  com.zhihu.openbox.DefaultHandle - 手机号码: 18474725951 , 第 5 次获取验证码，返回值是: 3001
2018-04-26 23:58:35.625 [main] INFO  com.zhihu.openbox.DefaultHandle - 手机号码: 18474725951 , 第 6 次获取验证码，返回值是: 3001
2018-04-26 23:58:38.726 [main] INFO  com.zhihu.openbox.DefaultHandle - 手机号码: 18474725951 , 第 7 次获取验证码，返回值是: 3001
2018-04-26 23:58:41.799 [main] INFO  com.zhihu.openbox.DefaultHandle - 手机号码: 18474725951 , 第 8 次获取验证码，返回值是: 3001
2018-04-26 23:58:44.880 [main] INFO  com.zhihu.openbox.DefaultHandle - 手机号码: 18474725951 , 第 9 次获取验证码，返回值是: 3001
2018-04-26 23:58:47.939 [main] INFO  com.zhihu.openbox.DefaultHandle - 手机号码: 18474725951 , 第 10 次获取验证码，返回值是: 3001
2018-04-26 23:58:51.014 [main] INFO  com.zhihu.openbox.DefaultHandle - 手机号码: 18474725951 , 第 11 次获取验证码，返回值是: 3001
2018-04-26 23:58:54.124 [main] INFO  com.zhihu.openbox.DefaultHandle - 手机号码: 18474725951 , 第 12 次获取验证码，返回值是: 3001
2018-04-26 23:58:57.297 [main] INFO  com.zhihu.openbox.DefaultHandle - 手机号码: 18474725951 , 第 13 次获取验证码，返回值是: 3001
2018-04-26 23:59:00.371 [main] INFO  com.zhihu.openbox.DefaultHandle - 手机号码: 18474725951 , 第 14 次获取验证码，返回值是: 3001
2018-04-26 23:59:03.462 [main] INFO  com.zhihu.openbox.DefaultHandle - 手机号码: 18474725951 , 第 15 次获取验证码，返回值是: 3001
2018-04-26 23:59:06.521 [main] INFO  com.zhihu.openbox.DefaultHandle - 手机号码: 18474725951 , 第 16 次获取验证码，返回值是: 3001
2018-04-26 23:59:09.594 [main] INFO  com.zhihu.openbox.DefaultHandle - 手机号码: 18474725951 , 第 17 次获取验证码，返回值是: 3001
2018-04-26 23:59:12.709 [main] INFO  com.zhihu.openbox.DefaultHandle - 手机号码: 18474725951 , 第 18 次获取验证码，返回值是: 3001
2018-04-26 23:59:15.771 [main] INFO  com.zhihu.openbox.DefaultHandle - 手机号码: 18474725951 , 第 19 次获取验证码，返回值是: 3001
2018-04-26 23:59:18.840 [main] INFO  com.zhihu.openbox.DefaultSmsImpl - 释放手机号码 18474725951 成功 
2018-04-26 23:59:18.844 [main] INFO  com.zhihu.openbox.DefaultHandle - 手机号码 18474725951 获取验证码次数超过规定次数，跳过
2018-04-26 23:59:18.848 [main] INFO  com.zhihu.openbox.Application - 第 1 次注册完成
2018-04-26 23:59:21.045 [main] INFO  com.zhihu.openbox.DefaultHandle - 手机号码: 17176317232 , 第 0 次获取验证码，返回值是: 3001
2018-04-26 23:59:24.096 [main] INFO  com.zhihu.openbox.DefaultHandle - 手机号码: 17176317232 , 第 1 次获取验证码，返回值是: 3001
2018-04-26 23:59:27.159 [main] INFO  com.zhihu.openbox.DefaultHandle - 手机号码: 17176317232 , 第 2 次获取验证码，返回值是: 3001
2018-04-26 23:59:30.235 [main] INFO  com.zhihu.openbox.DefaultHandle - 手机号码: 17176317232 , 第 3 次获取验证码，返回值是: success|【知乎】创建帐号的验证码是 175181，10 分钟内有效。
2018-04-26 23:59:35.664 [main] INFO  com.zhihu.openbox.DefaultHandle - 开始上传头像
2018-04-26 23:59:49.030 [main] INFO  com.zhihu.openbox.Application - 第 2 次注册完成
2018-04-26 23:59:50.850 [main] INFO  com.zhihu.openbox.DefaultHandle - 手机号码: 13269038040 , 第 0 次获取验证码，返回值是: 3001
2018-04-26 23:59:53.907 [main] INFO  com.zhihu.openbox.DefaultHandle - 手机号码: 13269038040 , 第 1 次获取验证码，返回值是: 3001
2018-04-26 23:59:56.998 [main] INFO  com.zhihu.openbox.DefaultHandle - 手机号码: 13269038040 , 第 2 次获取验证码，返回值是: 3001
2018-04-27 00:00:00.052 [main] INFO  com.zhihu.openbox.DefaultHandle - 手机号码: 13269038040 , 第 3 次获取验证码，返回值是: 3001
2018-04-27 00:00:03.119 [main] INFO  com.zhihu.openbox.DefaultHandle - 手机号码: 13269038040 , 第 4 次获取验证码，返回值是: 3001
2018-04-27 00:00:06.192 [main] INFO  com.zhihu.openbox.DefaultHandle - 手机号码: 13269038040 , 第 5 次获取验证码，返回值是: 3001
2018-04-27 00:00:09.256 [main] INFO  com.zhihu.openbox.DefaultHandle - 手机号码: 13269038040 , 第 6 次获取验证码，返回值是: 3001
2018-04-27 00:00:12.314 [main] INFO  com.zhihu.openbox.DefaultHandle - 手机号码: 13269038040 , 第 7 次获取验证码，返回值是: 3001
2018-04-27 00:00:15.388 [main] INFO  com.zhihu.openbox.DefaultHandle - 手机号码: 13269038040 , 第 8 次获取验证码，返回值是: 3001
2018-04-27 00:00:18.459 [main] INFO  com.zhihu.openbox.DefaultHandle - 手机号码: 13269038040 , 第 9 次获取验证码，返回值是: 3001
2018-04-27 00:00:21.519 [main] INFO  com.zhihu.openbox.DefaultHandle - 手机号码: 13269038040 , 第 10 次获取验证码，返回值是: 3001
2018-04-27 00:00:24.589 [main] INFO  com.zhihu.openbox.DefaultHandle - 手机号码: 13269038040 , 第 11 次获取验证码，返回值是: 3001
2018-04-27 00:00:27.671 [main] INFO  com.zhihu.openbox.DefaultHandle - 手机号码: 13269038040 , 第 12 次获取验证码，返回值是: 3001
2018-04-27 00:00:30.767 [main] INFO  com.zhihu.openbox.DefaultHandle - 手机号码: 13269038040 , 第 13 次获取验证码，返回值是: 3001
2018-04-27 00:00:33.834 [main] INFO  com.zhihu.openbox.DefaultHandle - 手机号码: 13269038040 , 第 14 次获取验证码，返回值是: 3001
2018-04-27 00:00:36.895 [main] INFO  com.zhihu.openbox.DefaultHandle - 手机号码: 13269038040 , 第 15 次获取验证码，返回值是: 3001
2018-04-27 00:00:39.948 [main] INFO  com.zhihu.openbox.DefaultHandle - 手机号码: 13269038040 , 第 16 次获取验证码，返回值是: 3001
2018-04-27 00:00:43.015 [main] INFO  com.zhihu.openbox.DefaultHandle - 手机号码: 13269038040 , 第 17 次获取验证码，返回值是: 3001
2018-04-27 00:00:46.075 [main] INFO  com.zhihu.openbox.DefaultHandle - 手机号码: 13269038040 , 第 18 次获取验证码，返回值是: 3001
2018-04-27 00:00:49.158 [main] INFO  com.zhihu.openbox.DefaultHandle - 手机号码: 13269038040 , 第 19 次获取验证码，返回值是: 3001
2018-04-27 00:00:52.208 [main] INFO  com.zhihu.openbox.DefaultSmsImpl - 释放手机号码 13269038040 成功 
2018-04-27 00:00:52.210 [main] INFO  com.zhihu.openbox.DefaultHandle - 手机号码 13269038040 获取验证码次数超过规定次数，跳过
2018-04-27 00:00:52.212 [main] INFO  com.zhihu.openbox.Application - 第 3 次注册完成
2018-04-27 00:00:54.509 [main] INFO  com.zhihu.openbox.DefaultHandle - 手机号码: 13269084661 , 第 0 次获取验证码，返回值是: 3001
2018-04-27 00:00:57.576 [main] INFO  com.zhihu.openbox.DefaultHandle - 手机号码: 13269084661 , 第 1 次获取验证码，返回值是: 3001
2018-04-27 00:01:00.648 [main] INFO  com.zhihu.openbox.DefaultHandle - 手机号码: 13269084661 , 第 2 次获取验证码，返回值是: 3001
2018-04-27 00:01:03.712 [main] INFO  com.zhihu.openbox.DefaultHandle - 手机号码: 13269084661 , 第 3 次获取验证码，返回值是: 3001
2018-04-27 00:01:06.826 [main] INFO  com.zhihu.openbox.DefaultHandle - 手机号码: 13269084661 , 第 4 次获取验证码，返回值是: success|【知乎】创建帐号的验证码是 419040，10 分钟内有效。
